[18:19:27] [ServerMain/INFO]: Environment: Environment[sessionHost=https://sessionserver.mojang.com, servicesHost=https://api.minecraftservices.com, name=PROD]
[18:19:29] [ServerMain/INFO]: Loaded 1290 recipes
[18:19:30] [Server thread/INFO]: Starting minecraft server version 1.21
[18:19:30] [Server thread/INFO]: Loading properties
[18:19:30] [Server thread/INFO]: Default game type: SURVIVAL
[18:19:30] [Server thread/INFO]: Generating keypair
[18:19:30] [Server thread/INFO]: Starting Minecraft server on *:25565
[18:19:31] [Server thread/INFO]: Using default channel type
[18:19:31] [Server thread/INFO]: This server is running CraftBukkit version 4226-Bukkit-2889b3a (MC: 1.21) (Implementing API version 1.21-R0.1-SNAPSHOT)
[18:19:32] [Server thread/INFO]: [WorldEdit] Loading WorldEdit v7.3.6+6892-3d660b8
[18:19:33] [Server thread/INFO]: Got request to register class com.sk89q.worldedit.bukkit.BukkitServerInterface with WorldEdit [com.sk89q.worldedit.extension.platform.PlatformManager@68b5b737]
[18:19:33] [Server thread/INFO]: [WorldGuard] Loading WorldGuard v7.0.12+829a4a4
[18:19:33] [Server thread/INFO]: [WorldEdit] Enabling WorldEdit v7.3.6+6892-3d660b8
[18:19:33] [Server thread/INFO]: Registering commands with com.sk89q.worldedit.bukkit.BukkitServerInterface
[18:19:33] [Server thread/INFO]: WEPIF: Using the Bukkit Permissions API.
[18:19:34] [Server thread/WARN]: 
**********************************************
** This WorldEdit version does not fully support your version of Bukkit.
**
** When working with blocks or undoing, chests will be empty, signs
** will be blank, and so on. There will be no support for entity
** and block property-related functions.
**
** Please see https://worldedit.enginehub.org/en/latest/faq/#bukkit-adapters
**********************************************

[18:19:34] [Server thread/WARN]: CraftBukkit is not a supported Bukkit platform. Please use a supported platform, such as Paper.
[18:19:34] [Server thread/INFO]: [WorldEdit] ====================================================
[18:19:34] [Server thread/INFO]: [WorldEdit]  WorldEdit works better if you use Paper 
[18:19:34] [Server thread/INFO]: [WorldEdit]  as your server software. 
[18:19:34] [Server thread/INFO]: [WorldEdit]   
[18:19:34] [Server thread/INFO]: [WorldEdit]  Paper offers significant performance improvements,
[18:19:34] [Server thread/INFO]: [WorldEdit]  bug fixes, security enhancements and optional
[18:19:34] [Server thread/INFO]: [WorldEdit]  features for server owners to enhance their server.
[18:19:34] [Server thread/INFO]: [WorldEdit]   
[18:19:34] [Server thread/INFO]: [WorldEdit]  Paper includes Timings v2, which is significantly
[18:19:34] [Server thread/INFO]: [WorldEdit]  better at diagnosing lag problems over v1.
[18:19:34] [Server thread/INFO]: [WorldEdit]   
[18:19:34] [Server thread/INFO]: [WorldEdit]  All of your plugins should still work, and the
[18:19:34] [Server thread/INFO]: [WorldEdit]  Paper community will gladly help you fix any issues.
[18:19:34] [Server thread/INFO]: [WorldEdit]   
[18:19:34] [Server thread/INFO]: [WorldEdit]  Join the Paper Community @ https://papermc.io
[18:19:34] [Server thread/INFO]: [WorldEdit] ====================================================
[18:19:34] [Server thread/INFO]: Preparing level "world"
[18:19:36] [Server thread/INFO]: Preparing start region for dimension minecraft:overworld
[18:19:37] [Worker-Main-4/INFO]: Preparing spawn area: 0%
[18:19:37] [Worker-Main-2/INFO]: Preparing spawn area: 2%
[18:19:37] [Server thread/INFO]: Time elapsed: 769 ms
[18:19:37] [Server thread/INFO]: Preparing start region for dimension minecraft:the_nether
[18:19:37] [Worker-Main-3/INFO]: Preparing spawn area: 0%
[18:19:37] [Server thread/INFO]: Time elapsed: 226 ms
[18:19:37] [Server thread/INFO]: Preparing start region for dimension minecraft:the_end
[18:19:37] [Worker-Main-4/INFO]: Preparing spawn area: 0%
[18:19:37] [Server thread/INFO]: Time elapsed: 171 ms
[18:19:37] [Server thread/INFO]: [WorldGuard] Enabling WorldGuard v7.0.12+829a4a4
[18:19:38] [Server thread/INFO]: [WorldGuard] (world) TNT ignition is PERMITTED.
[18:19:38] [Server thread/INFO]: [WorldGuard] (world) Lighters are PERMITTED.
[18:19:38] [Server thread/INFO]: [WorldGuard] (world) Lava fire is PERMITTED.
[18:19:38] [Server thread/INFO]: [WorldGuard] (world) Fire spread is UNRESTRICTED.
[18:19:38] [Server thread/INFO]: [WorldGuard] Loaded configuration for world 'world'
[18:19:38] [Server thread/INFO]: [WorldGuard] (world_nether) TNT ignition is PERMITTED.
[18:19:38] [Server thread/INFO]: [WorldGuard] (world_nether) Lighters are PERMITTED.
[18:19:38] [Server thread/INFO]: [WorldGuard] (world_nether) Lava fire is PERMITTED.
[18:19:38] [Server thread/INFO]: [WorldGuard] (world_nether) Fire spread is UNRESTRICTED.
[18:19:38] [Server thread/INFO]: [WorldGuard] Loaded configuration for world 'world_nether'
[18:19:38] [Server thread/INFO]: [WorldGuard] (world_the_end) TNT ignition is PERMITTED.
[18:19:38] [Server thread/INFO]: [WorldGuard] (world_the_end) Lighters are PERMITTED.
[18:19:38] [Server thread/INFO]: [WorldGuard] (world_the_end) Lava fire is PERMITTED.
[18:19:38] [Server thread/INFO]: [WorldGuard] (world_the_end) Fire spread is UNRESTRICTED.
[18:19:38] [Server thread/INFO]: [WorldGuard] Loaded configuration for world 'world_the_end'
[18:19:38] [Server thread/INFO]: [WorldGuard] Loading region data...
[18:19:38] [Server thread/INFO]: Server permissions file permissions.yml is empty, ignoring it
[18:19:38] [Server thread/INFO]: Done (3.978s)! For help, type "help"
[18:54:12] [Server thread/INFO]: Stopping server
[18:54:12] [Server thread/INFO]: [WorldGuard] Disabling WorldGuard v7.0.12+829a4a4
[18:54:12] [Server thread/INFO]: [WorldGuard] Shutting down executor and cancelling any pending tasks...
[18:54:12] [Server thread/INFO]: [WorldEdit] Disabling WorldEdit v7.3.6+6892-3d660b8
[18:54:12] [Server thread/INFO]: Unregistering com.sk89q.worldedit.bukkit.BukkitServerInterface from WorldEdit
[18:54:12] [Server thread/INFO]: Saving players
[18:54:12] [Server thread/INFO]: Saving worlds
[18:54:12] [Server thread/INFO]: Saving chunks for level 'ServerLevel[world]'/minecraft:overworld
[18:54:12] [Server thread/INFO]: Saving chunks for level 'ServerLevel[world_nether]'/minecraft:the_nether
[18:54:13] [Server thread/INFO]: Saving chunks for level 'ServerLevel[world_the_end]'/minecraft:the_end
[18:54:13] [Server thread/INFO]: ThreadedAnvilChunkStorage (world): All chunks are saved
[18:54:13] [Server thread/INFO]: ThreadedAnvilChunkStorage (DIM-1): All chunks are saved
[18:54:13] [Server thread/INFO]: ThreadedAnvilChunkStorage (DIM1): All chunks are saved
[18:54:13] [Server thread/INFO]: ThreadedAnvilChunkStorage: All dimensions are saved
